<?xml version="1.0" encoding="UTF-8"?>
<testng-results ignored="0" total="1" passed="1" failed="0" skipped="0">
  <reporter-output>
  </reporter-output>
  <suite started-at="2023-10-28T20:09:22 EDT" name="Default suite" finished-at="2023-10-28T20:09:27 EDT" duration-ms="5474">
    <groups>
    </groups>
    <test started-at="2023-10-28T20:09:22 EDT" name="Default test" finished-at="2023-10-28T20:09:27 EDT" duration-ms="5474">
      <class name="myCompanyA.TeastCaseFive">
        <test-method signature="handleFrames()[pri:0, instance:myCompanyA.TeastCaseFive@229c6181]" started-at="2023-10-28T20:09:22 EDT" name="handleFrames" description="Handling Frames" finished-at="2023-10-28T20:09:27 EDT" duration-ms="5436" status="PASS">
          <reporter-output>
          </reporter-output>
        </test-method> <!-- handleFrames -->
      </class> <!-- myCompanyA.TeastCaseFive -->
    </test> <!-- Default test -->
  </suite> <!-- Default suite -->
</testng-results>
