<?xml version="1.0" encoding="UTF-8"?>
<!-- Generated by org.testng.reporters.JUnitXMLReporter -->
<testsuite ignored="0" hostname="DESKTOP-06G479U" failures="0" tests="7" name="Test" time="0.082" errors="0" timestamp="2023-10-24T14:10:03 EDT">
  <testcase classname="myCompanyA.TestNGbasics" name="@BeforeMethod BeforeMethodExecution" time="-1.698171003245E9">
    <failure type="org.testng.TestNGException" message="
Parameter &amp;apos;URL&amp;apos; is required by BeforeMethod on method BeforeMethodExecution but has not been marked @Optional or defined
in C:\Users\msann\eclipse-workspace\myCompanyA\testng.xml">
      <![CDATA[org.testng.TestNGException: 
Parameter 'URL' is required by BeforeMethod on method BeforeMethodExecution but has not been marked @Optional or defined
in C:\Users\msann\eclipse-workspace\myCompanyA\testng.xml
at java.base/java.util.ArrayList.forEach(ArrayList.java:1511)
... Removed 28 stack frames]]>
    </failure>
  </testcase> <!-- @BeforeMethod BeforeMethodExecution -->
  <testcase classname="myCompanyA.TestNGbasics" name="@AfterMethod AfterMethodExecution" time="0.0">
    <skipped/>
  </testcase> <!-- @AfterMethod AfterMethodExecution -->
  <testcase classname="myCompanyA.TestNGbasics" name="@BeforeMethod BeforeMethodExecution" time="0.0">
    <skipped/>
  </testcase> <!-- @BeforeMethod BeforeMethodExecution -->
  <testcase classname="myCompanyA.TestNGbasics" name="@AfterMethod AfterMethodExecution" time="0.0">
    <skipped/>
  </testcase> <!-- @AfterMethod AfterMethodExecution -->
  <testcase classname="myCompanyA.TestNGbasics" name="@BeforeMethod BeforeMethodExecution" time="0.0">
    <skipped/>
  </testcase> <!-- @BeforeMethod BeforeMethodExecution -->
  <testcase classname="myCompanyA.TestNGbasics" name="@AfterMethod AfterMethodExecution" time="0.0">
    <skipped/>
  </testcase> <!-- @AfterMethod AfterMethodExecution -->
  <testcase classname="myCompanyA.TestNGbasics" name="@BeforeMethod BeforeMethodExecution" time="0.0">
    <skipped/>
  </testcase> <!-- @BeforeMethod BeforeMethodExecution -->
  <testcase classname="myCompanyA.TestNGbasics" name="@AfterMethod AfterMethodExecution" time="0.0">
    <skipped/>
  </testcase> <!-- @AfterMethod AfterMethodExecution -->
  <testcase classname="myCompanyA.TestNGbasics" name="@BeforeMethod BeforeMethodExecution" time="0.0">
    <skipped/>
  </testcase> <!-- @BeforeMethod BeforeMethodExecution -->
  <testcase classname="myCompanyA.TestNGbasics" name="@AfterMethod AfterMethodExecution" time="0.0">
    <skipped/>
  </testcase> <!-- @AfterMethod AfterMethodExecution -->
  <testcase classname="myCompanyA.TestNGbasics" name="@BeforeMethod BeforeMethodExecution" time="0.0">
    <skipped/>
  </testcase> <!-- @BeforeMethod BeforeMethodExecution -->
  <testcase classname="myCompanyA.TestNGbasics" name="@AfterMethod AfterMethodExecution" time="0.0">
    <skipped/>
  </testcase> <!-- @AfterMethod AfterMethodExecution -->
  <testcase classname="myCompanyA.TestNGbasics" name="@AfterClass AfterClassExecution" time="0.0">
    <skipped/>
  </testcase> <!-- @AfterClass AfterClassExecution -->
  <testcase classname="myCompanyA.TestNGbasics" name="@AfterTest AfterTestExecution" time="0.0">
    <skipped/>
  </testcase> <!-- @AfterTest AfterTestExecution -->
  <testcase classname="myCompanyA.TestNGbasics" name="FirstTestCase" time="0.0">
    <skipped/>
  </testcase> <!-- FirstTestCase -->
  <testcase classname="myCompanyA.TestNGbasics" name="FirstTestCase" time="0.0">
    <skipped/>
  </testcase> <!-- FirstTestCase -->
  <testcase classname="myCompanyA.TestNGbasics" name="SecondTestCase" time="0.0">
    <skipped/>
  </testcase> <!-- SecondTestCase -->
  <testcase classname="myCompanyA.TestNGbasics" name="ThirdTestCase" time="0.0">
    <skipped/>
  </testcase> <!-- ThirdTestCase -->
  <testcase classname="myCompanyA.TestNGbasics" name="ThirdTestCase" time="0.0">
    <skipped/>
  </testcase> <!-- ThirdTestCase -->
  <testcase classname="myCompanyA.TestNGbasics" name="ThirdTestCase" time="0.0">
    <skipped/>
  </testcase> <!-- ThirdTestCase -->
  <testcase classname="myCompanyA.TestNGbasics" name="ThirdTestCase" time="0.0">
    <skipped/>
  </testcase> <!-- ThirdTestCase -->
</testsuite> <!-- Test -->
